2020-12-06 20:37:11 [127.0.0.1][-][-][error][yii\web\HttpException:404] yii\base\InvalidRouteException: Unable to resolve the request "". in C:\OSp\OSPanel\domains\yii.loc\vendor\yiisoft\yii2\base\Module.php:537
Stack trace:
#0 C:\OSp\OSPanel\domains\yii.loc\vendor\yiisoft\yii2\web\Application.php(104): yii\base\Module->runAction('', Array)
#1 C:\OSp\OSPanel\domains\yii.loc\vendor\yiisoft\yii2\base\Application.php(392): yii\web\Application->handleRequest(Object(yii\web\Request))
#2 C:\OSp\OSPanel\domains\yii.loc\web\index.php(12): yii\base\Application->run()
#3 {main}

Next yii\web\NotFoundHttpException: Page not found. in C:\OSp\OSPanel\domains\yii.loc\vendor\yiisoft\yii2\web\Application.php:116
Stack trace:
#0 C:\OSp\OSPanel\domains\yii.loc\vendor\yiisoft\yii2\base\Application.php(392): yii\web\Application->handleRequest(Object(yii\web\Request))
#1 C:\OSp\OSPanel\domains\yii.loc\web\index.php(12): yii\base\Application->run()
#2 {main}
2020-12-06 20:37:11 [127.0.0.1][-][-][info][application] $_GET = []

$_POST = []

$_FILES = []

$_COOKIE = [
    'PHPSESSID' => '6t3qlp9eea4qpd04sh1jq1teq6s2o1km'
    '_csrf' => 'b35cc26f09b00d18766db7be44f2bd7f7d4c403859c09d6d1da94a18eb858e62a:2:{i:0;s:5:\"_csrf\";i:1;s:32:\"gNVCt6z97tpmNSqF1pj9dL9ZjNZ4kiQ2\";}'
]

$_SESSION = [
    '__flash' => []
    '__captcha/site/captcha' => 'mozekab'
    '__captcha/site/captchacount' => 1
]

$_SERVER = [
    'REDIRECT_STATUS' => '200'
    'HTTP_HOST' => 'yii.loc'
    'HTTP_X_REAL_IP' => '127.0.0.1'
    'HTTP_X_FORWARDED_PROTO' => 'http'
    'HTTP_CONNECTION' => 'close'
    'HTTP_USER_AGENT' => 'Mozilla/5.0 (Windows NT 10.0; Win64; x64; rv:69.0) Gecko/20100101 Firefox/69.0'
    'HTTP_ACCEPT' => 'text/html,application/xhtml+xml,application/xml;q=0.9,*/*;q=0.8'
    'HTTP_ACCEPT_LANGUAGE' => 'ru-RU,ru;q=0.8,en-US;q=0.5,en;q=0.3'
    'HTTP_ACCEPT_ENCODING' => 'gzip, deflate'
    'HTTP_REFERER' => 'http://yii.loc/web/admin'
    'HTTP_COOKIE' => 'PHPSESSID=6t3qlp9eea4qpd04sh1jq1teq6s2o1km; _csrf=b35cc26f09b00d18766db7be44f2bd7f7d4c403859c09d6d1da94a18eb858e62a%3A2%3A%7Bi%3A0%3Bs%3A5%3A%22_csrf%22%3Bi%3A1%3Bs%3A32%3A%22gNVCt6z97tpmNSqF1pj9dL9ZjNZ4kiQ2%22%3B%7D'
    'HTTP_UPGRADE_INSECURE_REQUESTS' => '1'
    'PATH' => 'c:\\osp\\ospanel\\modules\\php\\PHP_7.3-x64\\ext;c:\\osp\\ospanel\\modules\\php\\PHP_7.3-x64\\pear;c:\\osp\\ospanel\\modules\\php\\PHP_7.3-x64\\pear\\bin;c:\\osp\\ospanel\\modules\\php\\PHP_7.3-x64;c:\\osp\\ospanel\\modules\\wget\\bin;c:\\osp\\ospanel\\modules\\git;c:\\osp\\ospanel\\modules\\git\\bin;c:\\osp\\ospanel\\modules\\git\\mingw\\bin;c:\\osp\\ospanel\\modules\\git\\cmd;c:\\osp\\ospanel\\modules\\database\\MariaDB-10.3-x64\\bin;c:\\osp\\ospanel\\modules\\http\\Apache_2.4-PHP_7.2-7.3-x64+Nginx_1.17\\bin;c:\\osp\\ospanel\\modules\\http\\Apache_2.4-PHP_7.2-7.3-x64+Nginx_1.17;C:\\Windows\\system32;C:\\Windows;C:\\Windows\\system32\\Wbem;C:\\Windows\\SysWOW64'
    'SystemRoot' => 'C:\\Windows'
    'COMSPEC' => 'C:\\Windows\\system32\\cmd.exe'
    'PATHEXT' => '.COM;.EXE;.BAT;.CMD;.VBS;.VBE;.JS;.JSE;.WSF;.WSH;.MSC;.PY;.PYW'
    'WINDIR' => 'C:\\Windows'
    'SERVER_SIGNATURE' => ''
    'SERVER_SOFTWARE' => 'Apache'
    'SERVER_NAME' => 'yii.loc'
    'SERVER_ADDR' => '127.0.0.1'
    'SERVER_PORT' => '80'
    'REMOTE_ADDR' => '127.0.0.1'
    'DOCUMENT_ROOT' => 'C:/OSp/OSPanel/domains/yii.loc'
    'REQUEST_SCHEME' => 'http'
    'CONTEXT_PREFIX' => ''
    'CONTEXT_DOCUMENT_ROOT' => 'C:/OSp/OSPanel/domains/yii.loc'
    'SERVER_ADMIN' => '[no address given]'
    'SCRIPT_FILENAME' => 'C:/OSp/OSPanel/domains/yii.loc/web/index.php'
    'REMOTE_PORT' => '52214'
    'REDIRECT_URL' => '/'
    'GATEWAY_INTERFACE' => 'CGI/1.1'
    'SERVER_PROTOCOL' => 'HTTP/1.0'
    'REQUEST_METHOD' => 'GET'
    'QUERY_STRING' => ''
    'REQUEST_URI' => '/'
    'SCRIPT_NAME' => '/web/index.php'
    'PHP_SELF' => '/web/index.php'
    'REQUEST_TIME_FLOAT' => 1607276231.277
    'REQUEST_TIME' => 1607276231
    'argv' => []
    'argc' => 0
]
